UPDATE onedesignmodels SET model = 'JDF1' WHERE boat = '2.4mR' and model = 'JDF1';
UPDATE onedesignmodels SET model = 'MF15' WHERE boat = '2.4mR' and model = 'MF15';
UPDATE onedesignmodels SET model = 'HK8477-FCUB' WHERE boat = '29ER' and model = 'HK8477-FCUB-01';
UPDATE onedesignmodels SET model = 'J12/B' WHERE boat = '420' and model = 'J12/B-60';
UPDATE onedesignmodels SET model = 'J13' WHERE boat = '420' and model = 'J13-10';
UPDATE onedesignmodels SET model = 'M11' WHERE boat = '420' and model = 'M11-07';
UPDATE onedesignmodels SET model = 'M7' WHERE boat = '420' and model = 'M7-05';
UPDATE onedesignmodels SET model = 'M9' WHERE boat = '420' and model = 'M9-50';
UPDATE onedesignmodels SET model = 'S5 CELESTE NS JAPON' WHERE boat = '420' and model = 'S5 CELESTE NS JAPON';
UPDATE onedesignmodels SET model = 'J ITA L33' WHERE boat = '420' and model = 'J ITA L33';
UPDATE onedesignmodels SET model = 'HK8041-FCUB' WHERE boat = '420' and model = 'HK8041-FCUB-05';
UPDATE onedesignmodels SET model = 'HK8043-FTIM' WHERE boat = '420' and model = 'HK8043-FTIM-01';
UPDATE onedesignmodels SET model = 'M9' WHERE boat = '420' and model = 'M9-41';
UPDATE onedesignmodels SET model = 'S5//SL//98%' WHERE boat = '420' and model = 'S5//SL//98%';
UPDATE onedesignmodels SET model = 'JIB S5 B4' WHERE boat = '470' and model = 'JIB S5 B4';
UPDATE onedesignmodels SET model = 'ZSSL X 10 unidades' WHERE boat = 'BOLSAS' and model = 'ZSSL X 10 unidades';
UPDATE onedesignmodels SET model = 'ZSSL X 2' WHERE boat = 'BOLSAS' and model = 'ZSSL X 2';
UPDATE onedesignmodels SET model = 'ZSML X 2' WHERE boat = 'BOLSAS' and model = 'ZSML X 2';
UPDATE onedesignmodels SET model = 'ZSML #5 X2' WHERE boat = 'BOLSAS' and model = 'ZSML #5 X2';
UPDATE onedesignmodels SET model = 'ZSXLL #7 x2' WHERE boat = 'BOLSAS' and model = 'ZSXLL #7 x2';
UPDATE onedesignmodels SET model = 'CAJON SPI P/A1.5' WHERE boat = 'BOLSAS' and model = 'CAJON SPI P/A1.5';
UPDATE onedesignmodels SET model = 'ZZL10L X 6' WHERE boat = 'BOLSAS' and model = 'ZZL10L X 6';
UPDATE onedesignmodels SET model = 'ZZJ12L X 6' WHERE boat = 'BOLSAS' and model = 'ZZJ12L X 6';
UPDATE onedesignmodels SET model = 'ZZJ14L X7' WHERE boat = 'BOLSAS' and model = 'ZZJ14L X7';
UPDATE onedesignmodels SET model = 'J1S' WHERE boat = 'CADET' and model = 'J1S-37';
UPDATE onedesignmodels SET model = 'MI3' WHERE boat = 'CADET' and model = 'MI3-21';
UPDATE onedesignmodels SET model = 'CS3-23 CEL-BL-CEL' WHERE boat = 'CADET' and model = 'CS3-23 CEL-BL-CEL';
UPDATE onedesignmodels SET model = 'ss02' WHERE boat = 'CADET' and model = 'ss02-23';
UPDATE onedesignmodels SET model = 'J1V3+' WHERE boat = 'CADET' and model = 'J1V3+-36';
UPDATE onedesignmodels SET model = 'M13' WHERE boat = 'CADET' and model = 'M13-14';
UPDATE onedesignmodels SET model = 'MIV5' WHERE boat = 'CADET' and model = 'MIV5-37';
UPDATE onedesignmodels SET model = 'H18303' WHERE boat = 'CADET' and model = 'H18303-3';
UPDATE onedesignmodels SET model = 'ASY A2.V1' WHERE boat = 'CORUM 27' and model = 'ASY A2.V1-12';
UPDATE onedesignmodels SET model = 'G12' WHERE boat = 'CORUM 27' and model = 'G12-05';
UPDATE onedesignmodels SET model = 'Mestra M 0 Light AP' WHERE boat = 'DINGUE' and model = 'Mestra M 0 Light AP';
UPDATE onedesignmodels SET model = 'NS SL' WHERE boat = 'F-18' and model = 'NS SL';
UPDATE onedesignmodels SET model = 'FQ SHOCKWAVE LJ6' WHERE boat = 'F-18' and model = 'FQ SHOCKWAVE LJ6';
UPDATE onedesignmodels SET model = 'MY DISEÑO A DEF' WHERE boat = 'F-18' and model = 'MY DISEÑO A DEF';
UPDATE onedesignmodels SET model = 'MB1K' WHERE boat = 'FINN' and model = 'MB1K';
UPDATE onedesignmodels SET model = 'M12-23-AL' WHERE boat = 'GRUMETE' and model = 'M12-23-AL';
UPDATE onedesignmodels SET model = 'G12' WHERE boat = 'GRUMETE' and model = 'G12-28';
UPDATE onedesignmodels SET model = 'S12' WHERE boat = 'GRUMETE' and model = 'S12-10';
UPDATE onedesignmodels SET model = 'J1-04 V1' WHERE boat = 'GRUMETE' and model = 'J1-04 V1-2017';
UPDATE onedesignmodels SET model = 'G12' WHERE boat = 'GRUMETE' and model = 'G12-24';
UPDATE onedesignmodels SET model = 'M15' WHERE boat = 'GRUMETE' and model = 'M15';
UPDATE onedesignmodels SET model = 'S12' WHERE boat = 'GRUMETE' and model = 'S12-06';
UPDATE onedesignmodels SET model = 'JCD1' WHERE boat = 'HARBOR 20' and model = 'JCD1-02';
UPDATE onedesignmodels SET model = 'Assimetrico' WHERE boat = 'HPE 25' and model = 'Assimetrico';
UPDATE onedesignmodels SET model = 'JK4' WHERE boat = 'HPE 25' and model = 'JK4';
UPDATE onedesignmodels SET model = 'Foque' WHERE boat = 'HPE 25' and model = 'Foque';
UPDATE onedesignmodels SET model = 'MK4 custom design' WHERE boat = 'HPE 25' and model = 'MK4 custom design';
UPDATE onedesignmodels SET model = 'J1ES' WHERE boat = 'J-24 ESPECIALES' and model = 'J1ES-59';
UPDATE onedesignmodels SET model = 'MODELO A CONFIRMAR' WHERE boat = 'J-24 ESPECIALES' and model = 'MODELO A CONFIRMAR';
UPDATE onedesignmodels SET model = 'SPAN V2' WHERE boat = 'J-24 ESPECIALES' and model = 'SPAN V2-03';
UPDATE onedesignmodels SET model = 'J1ES' WHERE boat = 'J-24 ESPECIALES' and model = 'J1ES-47';
UPDATE onedesignmodels SET model = 'JPAN' WHERE boat = 'J-24 ESPECIALES' and model = 'JPAN-21';
UPDATE onedesignmodels SET model = 'J1ES' WHERE boat = 'J-24 ESPECIALES' and model = 'J1ES-44';
UPDATE onedesignmodels SET model = 'H18205' WHERE boat = 'J-24 ESPECIALES' and model = 'H18205-9';
UPDATE onedesignmodels SET model = 'H18205' WHERE boat = 'J-24 ESPECIALES' and model = 'H18205-4';
UPDATE onedesignmodels SET model = 'GDX7TT' WHERE boat = 'J-24 NEWPORT' and model = 'GDX7TT-41';
UPDATE onedesignmodels SET model = 'MNW' WHERE boat = 'J-24 NEWPORT' and model = 'MNW-45';
UPDATE onedesignmodels SET model = 'GNW' WHERE boat = 'J-24 NEWPORT' and model = 'GNW-30';
UPDATE onedesignmodels SET model = 'MNW' WHERE boat = 'J-24 NEWPORT' and model = 'MNW-32';
UPDATE onedesignmodels SET model = 'GNW' WHERE boat = 'J-24 NEWPORT' and model = 'GNW-29';
UPDATE onedesignmodels SET model = 'ST #4802' WHERE boat = 'J-24 NEWPORT' and model = 'ST #4802';
UPDATE onedesignmodels SET model = '(MNW-26 FAT HEAD ESP' WHERE boat = 'J-24 NEWPORT' and model = '(MNW-26 FAT HEAD ESP';
UPDATE onedesignmodels SET model = 'JSRB' WHERE boat = 'J-24 SAN DIEGO' and model = 'JSRB-21';
UPDATE onedesignmodels SET model = 'SSD-FR2' WHERE boat = 'J-24 SAN DIEGO' and model = 'SSD-FR2-68';
UPDATE onedesignmodels SET model = 'ST #4802' WHERE boat = 'J-24 SAN DIEGO' and model = 'ST #4802';
UPDATE onedesignmodels SET model = 'JSRB' WHERE boat = 'J-24 SAN DIEGO' and model = 'JSRB-19';
UPDATE onedesignmodels SET model = 'G#SD TW TH' WHERE boat = 'J-24 SAN DIEGO' and model = 'G#SD TW TH';
UPDATE onedesignmodels SET model = 'MSD' WHERE boat = 'J-24 SAN DIEGO' and model = 'MSD-26';
UPDATE onedesignmodels SET model = 'ST #4802' WHERE boat = 'J-24 SAN DIEGO' and model = 'ST #4802';
UPDATE onedesignmodels SET model = 'JSPT' WHERE boat = 'J-24 SPORT' and model = 'JSPT-01';
UPDATE onedesignmodels SET model = 'GNW' WHERE boat = 'J-24 SPORT' and model = 'GNW-34';
UPDATE onedesignmodels SET model = 'MSPT' WHERE boat = 'J-24 SPORT' and model = 'MSPT-05';
UPDATE onedesignmodels SET model = 'SSPT' WHERE boat = 'J-24 SPORT' and model = 'SSPT-04';
UPDATE onedesignmodels SET model = 'AAP1' WHERE boat = 'J-70' and model = 'AAP1-45';
UPDATE onedesignmodels SET model = 'C SP1' WHERE boat = 'J-70' and model = 'C SP1-07';
UPDATE onedesignmodels SET model = 'C ESC' WHERE boat = 'J-70' and model = 'C ESC-02';
UPDATE onedesignmodels SET model = 'HK8669-CESC' WHERE boat = 'J-70' and model = 'HK8669-CESC-07';
UPDATE onedesignmodels SET model = 'C FQ-01 -02 ' WHERE boat = 'J-70' and model = 'C FQ-01 -02 -03';
UPDATE onedesignmodels SET model = 'J6' WHERE boat = 'J-70' and model = 'J6-09';
UPDATE onedesignmodels SET model = 'J2HC' WHERE boat = 'J-70' and model = 'J2HC-23';
UPDATE onedesignmodels SET model = 'J2R4' WHERE boat = 'J-70' and model = 'J2R4-19';
UPDATE onedesignmodels SET model = 'MODELO A DEFINIR' WHERE boat = 'J-70' and model = 'MODELO A DEFINIR';
UPDATE onedesignmodels SET model = 'FCUB' WHERE boat = 'J-70' and model = 'FCUB-06';
UPDATE onedesignmodels SET model = 'HK8666 FCUB' WHERE boat = 'J-70' and model = 'HK8666 FCUB-10';
UPDATE onedesignmodels SET model = 'HK8667-LSHEET BAG' WHERE boat = 'J-70' and model = 'HK8667-LSHEET BAG-03';
UPDATE onedesignmodels SET model = 'HK8669-CESC' WHERE boat = 'J-70' and model = 'HK8669-CESC-13';
UPDATE onedesignmodels SET model = 'HK8670-FTIM' WHERE boat = 'J-70' and model = 'HK8670-FTIM-06';
UPDATE onedesignmodels SET model = 'HK8671-TILLERB' WHERE boat = 'J-70' and model = 'HK8671-TILLERB-03';
UPDATE onedesignmodels SET model = 'HK8673-CFQ' WHERE boat = 'J-70' and model = 'HK8673-CFQ-09';
UPDATE onedesignmodels SET model = 'HK8676-SPEADER' WHERE boat = 'J-70' and model = 'HK8676-SPEADER-03';
UPDATE onedesignmodels SET model = 'HK8683-ZIPMAST' WHERE boat = 'J-70' and model = 'HK8683-ZIPMAST-01';
UPDATE onedesignmodels SET model = 'HK8691-HATCHBB' WHERE boat = 'J-70' and model = 'HK8691-HATCHBB-03';
UPDATE onedesignmodels SET model = 'FCUBb' WHERE boat = 'J-70' and model = 'FCUBb-01';
UPDATE onedesignmodels SET model = 'MF1' WHERE boat = 'J-70' and model = 'MF1-09';
UPDATE onedesignmodels SET model = 'MXCS1' WHERE boat = 'J-70' and model = 'MXCS1-33';
UPDATE onedesignmodels SET model = 'MXCS2' WHERE boat = 'J-70' and model = 'MXCS2-22';
UPDATE onedesignmodels SET model = 'A CONFIRMAR MODELO' WHERE boat = 'J-70' and model = 'A CONFIRMAR MODELO';
UPDATE onedesignmodels SET model = 'AMC1' WHERE boat = 'J-70' and model = 'AMC1-10';
UPDATE onedesignmodels SET model = 'AAP1' WHERE boat = 'J-70' and model = 'AAP1-16';
UPDATE onedesignmodels SET model = 'J2R4' WHERE boat = 'J-70' and model = 'J2R4-11';
UPDATE onedesignmodels SET model = 'HK8670-FTIM' WHERE boat = 'J-70' and model = 'HK8670-FTIM-03';
UPDATE onedesignmodels SET model = 'HK8674-FBOT' WHERE boat = 'J-70' and model = 'HK8674-FBOT-03';
UPDATE onedesignmodels SET model = 'MXCS1' WHERE boat = 'J-70' and model = 'MXCS1-12';
UPDATE onedesignmodels SET model = 'HK8055-FCUB' WHERE boat = 'LASER' and model = 'HK8055-FCUB-02';
UPDATE onedesignmodels SET model = 'JV5+ ' WHERE boat = 'LIGHTNING' and model = 'JV5+ -06';
UPDATE onedesignmodels SET model = 'SR2' WHERE boat = 'LIGHTNING' and model = 'SR2-02';
UPDATE onedesignmodels SET model = 'J5A+' WHERE boat = 'LIGHTNING' and model = 'J5A+';
UPDATE onedesignmodels SET model = 'M5' WHERE boat = 'LIGHTNING' and model = 'M5-01';
UPDATE onedesignmodels SET model = 'CMY C/G ' WHERE boat = 'MASTRACCHIO DS-24' and model = 'CMY C/G -08';
UPDATE onedesignmodels SET model = 'J C/B' WHERE boat = 'MASTRACCHIO DS-24' and model = 'J C/B-09';
UPDATE onedesignmodels SET model = 'J-P/E' WHERE boat = 'MASTRACCHIO DS-24' and model = 'J-P/E-10';
UPDATE onedesignmodels SET model = 'M1R' WHERE boat = 'MASTRACCHIO DS-24' and model = 'M1R-09';
UPDATE onedesignmodels SET model = 'M2R' WHERE boat = 'MASTRACCHIO DS-24' and model = 'M2R-06';
UPDATE onedesignmodels SET model = 'A2' WHERE boat = 'MATCH 30' and model = 'A2-13';
UPDATE onedesignmodels SET model = 'GAP' WHERE boat = 'MATCH 30' and model = 'GAP-10';
UPDATE onedesignmodels SET model = 'G# MED HVY' WHERE boat = 'MATCH 30' and model = 'G# MED HVY';
UPDATE onedesignmodels SET model = 'M1' WHERE boat = 'MATCH 30' and model = 'M1-06';
UPDATE onedesignmodels SET model = 'FQ DAC P/ENR' WHERE boat = 'MICRO VOLKER' and model = 'FQ DAC P/ENR';
UPDATE onedesignmodels SET model = 'JP1' WHERE boat = 'MICRO VOLKER' and model = 'JP1-01';
UPDATE onedesignmodels SET model = 'MAYOR DC1 CRUCERO' WHERE boat = 'MICRO VOLKER' and model = 'MAYOR DC1 CRUCERO';
UPDATE onedesignmodels SET model = 'MP1' WHERE boat = 'MICRO VOLKER' and model = 'MP1-01';
UPDATE onedesignmodels SET model = 'HK8111C' WHERE boat = 'OPTIMIST' and model = 'HK8111C-01';
UPDATE onedesignmodels SET model = 'HK8111' WHERE boat = 'OPTIMIST' and model = 'HK8111-03';
UPDATE onedesignmodels SET model = 'MCLUB' WHERE boat = 'OPTIMIST' and model = 'MCLUB-96';
UPDATE onedesignmodels SET model = 'MNR1' WHERE boat = 'OPTIMIST' and model = 'MNR1-7';
UPDATE onedesignmodels SET model = 'MNR2' WHERE boat = 'OPTIMIST' and model = 'MNR2-8';
UPDATE onedesignmodels SET model = 'MNR3' WHERE boat = 'OPTIMIST' and model = 'MNR3-9';
UPDATE onedesignmodels SET model = 'MNR1' WHERE boat = 'OPTIMIST' and model = 'MNR1-4';
UPDATE onedesignmodels SET model = 'MR2' WHERE boat = 'OPTIMIST' and model = 'MR2-21';
UPDATE onedesignmodels SET model = 'MR4' WHERE boat = 'OPTIMIST' and model = 'MR4-29';
UPDATE onedesignmodels SET model = 'MR5' WHERE boat = 'OPTIMIST' and model = 'MR5-49';
UPDATE onedesignmodels SET model = 'MZX4' WHERE boat = 'OPTIMIST' and model = 'MZX4-35';
UPDATE onedesignmodels SET model = 'MZX5' WHERE boat = 'OPTIMIST' and model = 'MZX5-35';
UPDATE onedesignmodels SET model = 'MCLUB' WHERE boat = 'OPTIMIST' and model = 'MCLUB-55';
UPDATE onedesignmodels SET model = 'M CZ5' WHERE boat = 'OPTIMIST' and model = 'M CZ5-06';
UPDATE onedesignmodels SET model = 'V4' WHERE boat = 'OPTIMIST' and model = 'V4-22';
UPDATE onedesignmodels SET model = 'V6' WHERE boat = 'OPTIMIST' and model = 'V6-71';
UPDATE onedesignmodels SET model = 'L08' WHERE boat = 'OPTIMIST' and model = 'L08';
UPDATE onedesignmodels SET model = 'MZX4' WHERE boat = 'OPTIMIST' and model = 'MZX4-05';
UPDATE onedesignmodels SET model = 'MZX5' WHERE boat = 'OPTIMIST' and model = 'MZX5-10';
UPDATE onedesignmodels SET model = 'P4 RADIAL SRI LANKA' WHERE boat = 'OPTIMIST' and model = 'P4 RADIAL SRI LANKA';
UPDATE onedesignmodels SET model = 'JD12' WHERE boat = 'PAMPERO' and model = 'JD12-92';
UPDATE onedesignmodels SET model = 'MD12' WHERE boat = 'PAMPERO' and model = 'MD12-88';
UPDATE onedesignmodels SET model = 'H18238' WHERE boat = 'PAMPERO' and model = 'H18238-4';
UPDATE onedesignmodels SET model = 'JD12' WHERE boat = 'PAMPERO' and model = 'JD12-57';
UPDATE onedesignmodels SET model = 'H18238' WHERE boat = 'PAMPERO' and model = 'H18238-2';
UPDATE onedesignmodels SET model = 'MD12' WHERE boat = 'PAMPERO' and model = 'MD12-57';
UPDATE onedesignmodels SET model = 'CUT ONLY J1' WHERE boat = 'SNIPE' and model = 'CUT ONLY J1';
UPDATE onedesignmodels SET model = 'MSW3' WHERE boat = 'SNIPE' and model = 'MSW3-49';
UPDATE onedesignmodels SET model = 'MSW4' WHERE boat = 'SNIPE' and model = 'MSW4-79';
UPDATE onedesignmodels SET model = 'FQ BR1' WHERE boat = 'SNIPE' and model = 'FQ BR1';
UPDATE onedesignmodels SET model = 'JR3LM' WHERE boat = 'SNIPE' and model = 'JR3LM-389';
UPDATE onedesignmodels SET model = 'H18241' WHERE boat = 'SNIPE' and model = 'H18241-4';
UPDATE onedesignmodels SET model = 'HK8252-FCAS' WHERE boat = 'SNIPE' and model = 'HK8252-FCAS-08';
UPDATE onedesignmodels SET model = 'FCUB' WHERE boat = 'SNIPE' and model = 'FCUB-08';
UPDATE onedesignmodels SET model = 'SNIPE-FMAS-04/05/06/07' WHERE boat = 'SNIPE' and model = 'SNIPE-FMAS-04/05/06/07';
UPDATE onedesignmodels SET model = 'SNIPE-FORZ' WHERE boat = 'SNIPE' and model = 'SNIPE-FORZ-08';
UPDATE onedesignmodels SET model = 'SNIPE-FTIM' WHERE boat = 'SNIPE' and model = 'SNIPE-FTIM-08';
UPDATE onedesignmodels SET model = 'HK8251' WHERE boat = 'SNIPE' and model = 'HK8251-04';
UPDATE onedesignmodels SET model = 'HK8251SU' WHERE boat = 'SNIPE' and model = 'HK8251SU-11';
UPDATE onedesignmodels SET model = 'HK8251-FCUBSOFT' WHERE boat = 'SNIPE' and model = 'HK8251-FCUBSOFT-02';
UPDATE onedesignmodels SET model = 'MY AP5+' WHERE boat = 'SNIPE' and model = 'MY AP5+';
UPDATE onedesignmodels SET model = 'MCB2' WHERE boat = 'SNIPE' and model = 'MCB2-22';
UPDATE onedesignmodels SET model = 'M6X' WHERE boat = 'SNIPE' and model = 'M6X-95';
UPDATE onedesignmodels SET model = 'MPR3' WHERE boat = 'SNIPE' and model = 'MPR3-40';
UPDATE onedesignmodels SET model = 'MSW4' WHERE boat = 'SNIPE' and model = 'MSW4-39';
UPDATE onedesignmodels SET model = 'MSW4' WHERE boat = 'SNIPE' and model = 'MSW4-42';
UPDATE onedesignmodels SET model = 'JV1+' WHERE boat = 'SOLING' and model = 'JV1+-11';
UPDATE onedesignmodels SET model = 'JV1T' WHERE boat = 'SOLING' and model = 'JV1T-05';
UPDATE onedesignmodels SET model = 'MAP2' WHERE boat = 'SOLING' and model = 'MAP2-05';
UPDATE onedesignmodels SET model = 'MAP2' WHERE boat = 'SOLING' and model = 'MAP2-07';
UPDATE onedesignmodels SET model = 'SMON-02 NEGRO' WHERE boat = 'SOLING' and model = 'SMON-02 NEGRO';
UPDATE onedesignmodels SET model = 'SPD4' WHERE boat = 'SOLING' and model = 'SPD4-07';
UPDATE onedesignmodels SET model = 'J115' WHERE boat = 'STAR' and model = 'J115-75';
UPDATE onedesignmodels SET model = 'J07' WHERE boat = 'STAR' and model = 'J07-03';
UPDATE onedesignmodels SET model = 'STAR J115' WHERE boat = 'STAR' and model = 'STAR J115-85';
UPDATE onedesignmodels SET model = 'J115R' WHERE boat = 'STAR' and model = 'J115R-10';
UPDATE onedesignmodels SET model = 'J2-FR' WHERE boat = 'STAR' and model = 'J2-FR-01';
UPDATE onedesignmodels SET model = 'HK8522 FCUB' WHERE boat = 'STAR' and model = 'HK8522 FCUB-01';
UPDATE onedesignmodels SET model = 'MS18' WHERE boat = 'STAR' and model = 'MS18';
UPDATE onedesignmodels SET model = 'M05' WHERE boat = 'STAR' and model = 'M05-18';
UPDATE onedesignmodels SET model = 'M25' WHERE boat = 'STAR' and model = 'M25-06';
UPDATE onedesignmodels SET model = 'J1F' WHERE boat = 'STAR' and model = 'J1F-32';
UPDATE onedesignmodels SET model = 'J115' WHERE boat = 'STAR' and model = 'J115-78';
UPDATE onedesignmodels SET model = 'H30721' WHERE boat = 'STAR' and model = 'H30721-7';
UPDATE onedesignmodels SET model = 'J1R5-01 HTP' WHERE boat = 'STAR' and model = 'J1R5-01 HTP';
UPDATE onedesignmodels SET model = 'J1R5' WHERE boat = 'STAR' and model = 'J1R5-04';
UPDATE onedesignmodels SET model = 'J2R' WHERE boat = 'STAR' and model = 'J2R-06';
UPDATE onedesignmodels SET model = 'ST #4843' WHERE boat = 'STAR' and model = 'ST #4843';
UPDATE onedesignmodels SET model = 'ST #4843' WHERE boat = 'STAR' and model = 'ST #4843';
UPDATE onedesignmodels SET model = 'M16H' WHERE boat = 'STAR' and model = 'M16H-56';
UPDATE onedesignmodels SET model = 'M16-58 VER TELAS C/TB' WHERE boat = 'STAR' and model = 'M16-58 VER TELAS C/TB';
UPDATE onedesignmodels SET model = 'M16.V4' WHERE boat = 'STAR' and model = 'M16.V4-51';
UPDATE onedesignmodels SET model = 'M2' WHERE boat = 'STAR' and model = 'M2';
UPDATE onedesignmodels SET model = 'J1.R4' WHERE boat = 'STAR' and model = 'J1.R4-01';
UPDATE onedesignmodels SET model = 'M1-16.V1' WHERE boat = 'STAR' and model = 'M1-16.V1-01';
UPDATE onedesignmodels SET model = 'M1-16.V2' WHERE boat = 'STAR' and model = 'M1-16.V2-01';
UPDATE onedesignmodels SET model = '150-65-70/A2' WHERE boat = 'TP52' and model = '150-65-70/A2';
UPDATE onedesignmodels SET model = 'A1.5' WHERE boat = 'TP52' and model = 'A1.5';
UPDATE onedesignmodels SET model = 'A1.5' WHERE boat = 'TP52' and model = 'A1.5';
UPDATE onedesignmodels SET model = 'A1.5' WHERE boat = 'TP52' and model = 'A1.5';
UPDATE onedesignmodels SET model = 'A2-2 2017' WHERE boat = 'TP52' and model = 'A2-2 2017';
UPDATE onedesignmodels SET model = 'SS' WHERE boat = 'TP52' and model = 'SS';
