Row: [ '9.52 HA (798A-17)',
  'DACRON ',
  '54',
  '5407.10.19.100X',
  '11.82',
  '85.04' ]
Row: [ 'N.RADIAN 8.1 (798A-17)',
  'DACRON ',
  '54',
  '5407.10.19.100X',
  '20.88',
  '109.73' ]
Row: [ 'N.RADIAN 9.0 (798A-17)',
  'DACRON ',
  '54',
  '5407.10.19.100X',
  '21.11',
  '122.53' ]
Row: [ '278OC (202E-18)',
  'DACRON',
  '54',
  '5407.10.19.100X',
  '7.66',
  '51.71' ]
Row: [ '278OC (004E-18)',
  'DACRON ',
  '54',
  '5407.10.19.100X',
  '7.61',
  '121' ]
Row: [ '278OC (798A-17)',
  'DACRON ',
  '54',
  '5407.10.19.100X',
  '7.67',
  '102.5' ]
Row: [ '308OC (798A-17)',
  'DACRON ',
  '54',
  '5407.10.19.100X',
  '8.44',
  '160' ]
Row: [ '308OC (004E-18)',
  'DACRON ',
  '54',
  '5407.10.19.100X',
  '8.39',
  '130.8' ]
Row: [ '348OC (798A-17)',
  'DACRON ',
  '54',
  '5407.10.19.100X',
  '8.76',
  '200' ]
Row: [ '398OC (004E-18)',
  'DACRON ',
  '54',
  '5407.10.19.100X',
  '9.10',
  '100' ]
Row: [ '8.4 SUPERC.SECOND (798A-17)',
  'DACRON ',
  '54',
  '5407.10.19.100X',
  '13.90',
  '248.72' ]
Row: [ '320 AP MTO (004E-18)',
  'DACRON ',
  '54',
  '5407.10.19.100X',
  '20.38',
  '97.83' ]
Row: [ '7.46LA (004E-18)',
  'DACRON ',
  '36 ',
  '5407.10.19.100X',
  '10.73',
  '82.3' ]
Row: [ 'BX10 (004E-18)',
  'LAMINADO',
  '54',
  '3921.90.90.900J',
  '25.18',
  '137.16' ]
Row: [ 'BX20 (004E-18)',
  'LAMINADO',
  '54',
  '3921.90.90.900J',
  '34.18',
  '87.5' ]
Row: [ 'CS10 (202E-18)',
  'LAMINADO',
  '54',
  '3921.90.90.900J',
  '23.08',
  '100.31' ]
Row: [ 'CS15 (202E-18)',
  'LAMINADO',
  '54',
  '3921.90.90.900J',
  '26.11',
  '99.21' ]
Row: [ 'CS20 (202E-18)',
  'LAMINADO',
  '54',
  '3921.90.90.900J',
  '31.99',
  '104.52' ]
Row: [ 'AIRX 500 (218L-18)',
  'NYLON ',
  '60',
  '5407.41.00.940E',
  '9.71',
  '100.58' ]
Row: [ 'AIRX 600 NEGRO (004E-18)',
  'NYLON ',
  '60',
  '5407.41.00.941U',
  '8.17',
  '360.39' ]
Row: [ 'AIRX 600 SILVER (004E-18)',
  'NYLON ',
  '60',
  '5407.41.00.941U',
  '7.47',
  '11' ]
Row: [ 'AIRX 650 BCO (798A-17)',
  'NYLON ',
  '60',
  '5407.41.00.940E',
  '8.01',
  '199.56' ]
Row: [ 'AIRX 650 NEGRO (004E-18)',
  'NYLON ',
  '60',
  '5407.41.00.941U',
  '7.95',
  '40.23' ]
Row: [ 'AIRX 700 BCO (798A-17)',
  'NYLON ',
  '60',
  '5407.41.00.940E',
  '7.54',
  '300' ]
Row: [ 'AIRX 800 (218L-18)',
  'NYLON ',
  '60',
  '5407.41.00.940E',
  '11.20',
  '100.58' ]
Row: [ 'MP75 BCO (798A-17)',
  'NYLON ',
  '60',
  '5407.41.00.940E',
  '6.28',
  '201' ]
Row: [ 'DILON 150 BCO (798A-17)',
  'NYLON ',
  '60',
  '5407.41.00.940E',
  '6.09',
  '101.68' ]
Row: [ 'DILON 150 SECONDS (798A-17)',
  'NYLON ',
  '60',
  '5407.41.00.940E',
  '4.74',
  '42.25' ]
Row: [ 'SK90 (420G-18)',
  'NYLON',
  '60',
  '5407.41.00.910E',
  '8.55',
  '223.11' ]
Row: [ 'SK130 (420G-18)',
  'NYLON',
  '60',
  '5407.41.00.910E',
  '8.39',
  '417.88' ]
Row: [ 'SK150 (420G-18)',
  'NYLON',
  '60',
  '5407.41.00.910E',
  '8.09',
  '314.55' ]
Row: [ 'SK250 (420G-18)',
  'NYLON',
  '60',
  '5407.41.00.910E',
  '9.97',
  '60.35' ]
Row: [ 'STORMLITE 210 (420G-18)',
  'NYLON',
  '60',
  '5407.41.00.910E',
  '8.25',
  '171' ]
Row: [ '2.8PK (420G-18)',
  'DACRON ',
  '36',
  '5407.10.19.100X',
  '11.39',
  '55.78' ]
Row: [ '265HTP (004E-18)',
  'DACRON ',
  '54',
  '5407.10.19.100X',
  '23.51',
  '52.62' ]
Row: [ '6.3 RADIAN OLY (004E-18)',
  'DACRON ',
  '54',
  '5407.10.19.100X',
  '20.36',
  '86.87' ]
